<?xml version="1.0" encoding="UTF-8"?>
<testsuite xmlns:xsi="http://www.w3.org/2001/XMLSchema-instance" xsi:noNamespaceSchemaLocation="https://maven.apache.org/surefire/maven-surefire-plugin/xsd/surefire-test-report.xsd" name="TestMybatis" time="0.559" tests="2" errors="0" skipped="0" failures="0">
  <properties>
    <property name="sun.desktop" value="windows"/>
    <property name="awt.toolkit" value="sun.awt.windows.WToolkit"/>
    <property name="file.encoding.pkg" value="sun.io"/>
    <property name="java.specification.version" value="1.8"/>
    <property name="sun.cpu.isalist" value="amd64"/>
    <property name="sun.jnu.encoding" value="GBK"/>
    <property name="java.class.path" value="D:\Software\IdeaProjects\springmvc_test05_ssm\target\test-classes;D:\Software\IdeaProjects\springmvc_test05_ssm\target\classes;D:\Software\localRepository\org\aspectj\aspectjweaver\1.6.8\aspectjweaver-1.6.8.jar;D:\Software\localRepository\org\springframework\spring-aop\5.0.2.RELEASE\spring-aop-5.0.2.RELEASE.jar;D:\Software\localRepository\org\springframework\spring-beans\5.0.2.RELEASE\spring-beans-5.0.2.RELEASE.jar;D:\Software\localRepository\org\springframework\spring-core\5.0.2.RELEASE\spring-core-5.0.2.RELEASE.jar;D:\Software\localRepository\org\springframework\spring-jcl\5.0.2.RELEASE\spring-jcl-5.0.2.RELEASE.jar;D:\Software\localRepository\org\springframework\spring-context\5.0.2.RELEASE\spring-context-5.0.2.RELEASE.jar;D:\Software\localRepository\org\springframework\spring-expression\5.0.2.RELEASE\spring-expression-5.0.2.RELEASE.jar;D:\Software\localRepository\org\springframework\spring-web\5.0.2.RELEASE\spring-web-5.0.2.RELEASE.jar;D:\Software\localRepository\org\springframework\spring-webmvc\5.0.2.RELEASE\spring-webmvc-5.0.2.RELEASE.jar;D:\Software\localRepository\org\springframework\spring-test\5.0.2.RELEASE\spring-test-5.0.2.RELEASE.jar;D:\Software\localRepository\org\springframework\spring-tx\5.0.2.RELEASE\spring-tx-5.0.2.RELEASE.jar;D:\Software\localRepository\org\springframework\spring-jdbc\5.0.2.RELEASE\spring-jdbc-5.0.2.RELEASE.jar;D:\Software\localRepository\junit\junit\4.12\junit-4.12.jar;D:\Software\localRepository\org\hamcrest\hamcrest-core\1.3\hamcrest-core-1.3.jar;D:\Software\localRepository\mysql\mysql-connector-java\5.1.6\mysql-connector-java-5.1.6.jar;D:\Software\localRepository\javax\servlet\servlet-api\2.5\servlet-api-2.5.jar;D:\Software\localRepository\javax\servlet\jsp\jsp-api\2.0\jsp-api-2.0.jar;D:\Software\localRepository\jstl\jstl\1.2\jstl-1.2.jar;D:\Software\localRepository\log4j\log4j\1.2.12\log4j-1.2.12.jar;D:\Software\localRepository\org\slf4j\slf4j-api\1.6.6\slf4j-api-1.6.6.jar;D:\Software\localRepository\org\slf4j\slf4j-log4j12\1.6.6\slf4j-log4j12-1.6.6.jar;D:\Software\localRepository\org\mybatis\mybatis\3.4.5\mybatis-3.4.5.jar;D:\Software\localRepository\org\mybatis\mybatis-spring\1.3.0\mybatis-spring-1.3.0.jar;D:\Software\localRepository\c3p0\c3p0\0.9.1.2\c3p0-0.9.1.2.jar;"/>
    <property name="java.vm.vendor" value="Oracle Corporation"/>
    <property name="sun.arch.data.model" value="64"/>
    <property name="user.variant" value=""/>
    <property name="java.vendor.url" value="http://java.oracle.com/"/>
    <property name="user.timezone" value="Asia/Shanghai"/>
    <property name="java.vm.specification.version" value="1.8"/>
    <property name="os.name" value="Windows 10"/>
    <property name="user.country" value="CN"/>
    <property name="sun.java.launcher" value="SUN_STANDARD"/>
    <property name="sun.boot.library.path" value="D:\Software\Java\jdk1.8.0_291\jre\bin"/>
    <property name="sun.java.command" value="C:\Users\ADMINI~1\AppData\Local\Temp\surefire1079575316949611551\surefirebooter5796407272815817261.jar C:\Users\Administrator\AppData\Local\Temp\surefire1079575316949611551 2021-09-25T15-07-33_088-jvmRun1 surefire810111605446042702tmp surefire_0674053055386004916tmp"/>
    <property name="surefire.test.class.path" value="D:\Software\IdeaProjects\springmvc_test05_ssm\target\test-classes;D:\Software\IdeaProjects\springmvc_test05_ssm\target\classes;D:\Software\localRepository\org\aspectj\aspectjweaver\1.6.8\aspectjweaver-1.6.8.jar;D:\Software\localRepository\org\springframework\spring-aop\5.0.2.RELEASE\spring-aop-5.0.2.RELEASE.jar;D:\Software\localRepository\org\springframework\spring-beans\5.0.2.RELEASE\spring-beans-5.0.2.RELEASE.jar;D:\Software\localRepository\org\springframework\spring-core\5.0.2.RELEASE\spring-core-5.0.2.RELEASE.jar;D:\Software\localRepository\org\springframework\spring-jcl\5.0.2.RELEASE\spring-jcl-5.0.2.RELEASE.jar;D:\Software\localRepository\org\springframework\spring-context\5.0.2.RELEASE\spring-context-5.0.2.RELEASE.jar;D:\Software\localRepository\org\springframework\spring-expression\5.0.2.RELEASE\spring-expression-5.0.2.RELEASE.jar;D:\Software\localRepository\org\springframework\spring-web\5.0.2.RELEASE\spring-web-5.0.2.RELEASE.jar;D:\Software\localRepository\org\springframework\spring-webmvc\5.0.2.RELEASE\spring-webmvc-5.0.2.RELEASE.jar;D:\Software\localRepository\org\springframework\spring-test\5.0.2.RELEASE\spring-test-5.0.2.RELEASE.jar;D:\Software\localRepository\org\springframework\spring-tx\5.0.2.RELEASE\spring-tx-5.0.2.RELEASE.jar;D:\Software\localRepository\org\springframework\spring-jdbc\5.0.2.RELEASE\spring-jdbc-5.0.2.RELEASE.jar;D:\Software\localRepository\junit\junit\4.12\junit-4.12.jar;D:\Software\localRepository\org\hamcrest\hamcrest-core\1.3\hamcrest-core-1.3.jar;D:\Software\localRepository\mysql\mysql-connector-java\5.1.6\mysql-connector-java-5.1.6.jar;D:\Software\localRepository\javax\servlet\servlet-api\2.5\servlet-api-2.5.jar;D:\Software\localRepository\javax\servlet\jsp\jsp-api\2.0\jsp-api-2.0.jar;D:\Software\localRepository\jstl\jstl\1.2\jstl-1.2.jar;D:\Software\localRepository\log4j\log4j\1.2.12\log4j-1.2.12.jar;D:\Software\localRepository\org\slf4j\slf4j-api\1.6.6\slf4j-api-1.6.6.jar;D:\Software\localRepository\org\slf4j\slf4j-log4j12\1.6.6\slf4j-log4j12-1.6.6.jar;D:\Software\localRepository\org\mybatis\mybatis\3.4.5\mybatis-3.4.5.jar;D:\Software\localRepository\org\mybatis\mybatis-spring\1.3.0\mybatis-spring-1.3.0.jar;D:\Software\localRepository\c3p0\c3p0\0.9.1.2\c3p0-0.9.1.2.jar;"/>
    <property name="sun.cpu.endian" value="little"/>
    <property name="user.home" value="C:\Users\Administrator"/>
    <property name="user.language" value="zh"/>
    <property name="java.specification.vendor" value="Oracle Corporation"/>
    <property name="java.home" value="D:\Software\Java\jdk1.8.0_291\jre"/>
    <property name="basedir" value="D:\Software\IdeaProjects\springmvc_test05_ssm"/>
    <property name="file.separator" value="\"/>
    <property name="line.separator" value="&#10;"/>
    <property name="idea.version2019.2.4" value="true"/>
    <property name="java.vm.specification.vendor" value="Oracle Corporation"/>
    <property name="java.specification.name" value="Java Platform API Specification"/>
    <property name="java.awt.graphicsenv" value="sun.awt.Win32GraphicsEnvironment"/>
    <property name="surefire.real.class.path" value="C:\Users\ADMINI~1\AppData\Local\Temp\surefire1079575316949611551\surefirebooter5796407272815817261.jar"/>
    <property name="sun.boot.class.path" value="D:\Software\Java\jdk1.8.0_291\jre\lib\resources.jar;D:\Software\Java\jdk1.8.0_291\jre\lib\rt.jar;D:\Software\Java\jdk1.8.0_291\jre\lib\sunrsasign.jar;D:\Software\Java\jdk1.8.0_291\jre\lib\jsse.jar;D:\Software\Java\jdk1.8.0_291\jre\lib\jce.jar;D:\Software\Java\jdk1.8.0_291\jre\lib\charsets.jar;D:\Software\Java\jdk1.8.0_291\jre\lib\jfr.jar;D:\Software\Java\jdk1.8.0_291\jre\classes"/>
    <property name="user.script" value=""/>
    <property name="sun.management.compiler" value="HotSpot 64-Bit Tiered Compilers"/>
    <property name="java.runtime.version" value="1.8.0_291-b10"/>
    <property name="user.name" value="Administrator"/>
    <property name="path.separator" value=";"/>
    <property name="os.version" value="10.0"/>
    <property name="java.endorsed.dirs" value="D:\Software\Java\jdk1.8.0_291\jre\lib\endorsed"/>
    <property name="java.runtime.name" value="Java(TM) SE Runtime Environment"/>
    <property name="file.encoding" value="GBK"/>
    <property name="java.vm.name" value="Java HotSpot(TM) 64-Bit Server VM"/>
    <property name="localRepository" value="D:\Software\localRepository"/>
    <property name="java.vendor.url.bug" value="http://bugreport.sun.com/bugreport/"/>
    <property name="java.io.tmpdir" value="C:\Users\ADMINI~1\AppData\Local\Temp\"/>
    <property name="java.version" value="1.8.0_291"/>
    <property name="user.dir" value="D:\Software\IdeaProjects\springmvc_test05_ssm"/>
    <property name="os.arch" value="amd64"/>
    <property name="java.vm.specification.name" value="Java Virtual Machine Specification"/>
    <property name="java.awt.printerjob" value="sun.awt.windows.WPrinterJob"/>
    <property name="sun.os.patch.level" value=""/>
    <property name="java.library.path" value="D:\Software\Java\jdk1.8.0_291\jre\bin;C:\Windows\Sun\Java\bin;C:\Windows\system32;C:\Windows;C:\Windows\system32;C:\Windows;C:\Windows\System32\Wbem;C:\Windows\System32\WindowsPowerShell\v1.0\;C:\Windows\System32\OpenSSH\;D:\Software\Java\jdk1.8.0_291\bin;D:\Software\apache-maven-3.8.1\bin;C:\Program Files\MySQL\MySQL Server 5.7\bin;;."/>
    <property name="java.vm.info" value="mixed mode"/>
    <property name="java.vendor" value="Oracle Corporation"/>
    <property name="java.vm.version" value="25.291-b10"/>
    <property name="java.ext.dirs" value="D:\Software\Java\jdk1.8.0_291\jre\lib\ext;C:\Windows\Sun\Java\lib\ext"/>
    <property name="sun.io.unicode.encoding" value="UnicodeLittle"/>
    <property name="maven.repo.local" value="D:\Software\localRepository"/>
    <property name="java.class.version" value="52.0"/>
  </properties>
  <testcase name="testSaveUser" classname="TestMybatis" time="0.48"/>
  <testcase name="testFindAll" classname="TestMybatis" time="0.037"/>
</testsuite>